# JRE version: OpenJDK Runtime Environment (8.0_242-b01) (build 1.8.0_242-release-1644-b01)
# Java VM: OpenJDK 64-Bit Server VM (25.242-b01 mixed mode windows-amd64 compressed oops)
Heap:
 PSYoungGen      total 241664K, used 89049K [0x00000000d5580000, 0x00000000e6b80000, 0x0000000100000000)
  eden space 220160K, 30% used [0x00000000d5580000,0x00000000d977bf20,0x00000000e2c80000)
  from space 21504K, 99% used [0x00000000e4880000,0x00000000e5d7a528,0x00000000e5d80000)
  to   space 28672K, 0% used [0x00000000e2c80000,0x00000000e2c80000,0x00000000e4880000)
 ParOldGen       total 226304K, used 47712K [0x0000000080000000, 0x000000008dd00000, 0x00000000d5580000)
  object space 226304K, 21% used [0x0000000080000000,0x0000000082e98010,0x000000008dd00000)
 Metaspace       used 69598K, capacity 72663K, committed 72984K, reserved 1112064K
  class space    used 9295K, capacity 9915K, committed 10032K, reserved 1048576K
GC Heap History (10 events):
Event: 8.313 GC heap before
{Heap before GC invocations=11 (full 2):
 PSYoungGen      total 164352K, used 164238K [0x00000000d5580000, 0x00000000e1a00000, 0x0000000100000000)
  eden space 155136K, 100% used [0x00000000d5580000,0x00000000ded00000,0x00000000ded00000)
  from space 9216K, 98% used [0x00000000e1100000,0x00000000e19e38b0,0x00000000e1a00000)
  to   space 11776K, 0% used [0x00000000e0300000,0x00000000e0300000,0x00000000e0e80000)
 ParOldGen       total 146944K, used 14477K [0x0000000080000000, 0x0000000088f80000, 0x00000000d5580000)
  object space 146944K, 9% used [0x0000000080000000,0x0000000080e237c8,0x0000000088f80000)
 Metaspace       used 51740K, capacity 53832K, committed 53928K, reserved 1095680K
  class space    used 6940K, capacity 7338K, committed 7344K, reserved 1048576K
Event: 8.345 GC heap after
Heap after GC invocations=11 (full 2):
 PSYoungGen      total 189440K, used 11764K [0x00000000d5580000, 0x00000000e3880000, 0x0000000100000000)
  eden space 177664K, 0% used [0x00000000d5580000,0x00000000d5580000,0x00000000e0300000)
  from space 11776K, 99% used [0x00000000e0300000,0x00000000e0e7d310,0x00000000e0e80000)
  to   space 17920K, 0% used [0x00000000e2700000,0x00000000e2700000,0x00000000e3880000)
 ParOldGen       total 146944K, used 27426K [0x0000000080000000, 0x0000000088f80000, 0x00000000d5580000)
  object space 146944K, 18% used [0x0000000080000000,0x0000000081ac8800,0x0000000088f80000)
 Metaspace       used 51740K, capacity 53832K, committed 53928K, reserved 1095680K
  class space    used 6940K, capacity 7338K, committed 7344K, reserved 1048576K
}
Event: 9.345 GC heap before
{Heap before GC invocations=12 (full 2):
 PSYoungGen      total 189440K, used 89539K [0x00000000d5580000, 0x00000000e3880000, 0x0000000100000000)
  eden space 177664K, 43% used [0x00000000d5580000,0x00000000da173af0,0x00000000e0300000)
  from space 11776K, 99% used [0x00000000e0300000,0x00000000e0e7d310,0x00000000e0e80000)
  to   space 17920K, 0% used [0x00000000e2700000,0x00000000e2700000,0x00000000e3880000)
 ParOldGen       total 146944K, used 27426K [0x0000000080000000, 0x0000000088f80000, 0x00000000d5580000)
  object space 146944K, 18% used [0x0000000080000000,0x0000000081ac8800,0x0000000088f80000)
 Metaspace       used 56560K, capacity 59063K, committed 59160K, reserved 1099776K
  class space    used 7761K, capacity 8240K, committed 8240K, reserved 1048576K
Event: 9.365 GC heap after
Heap after GC invocations=12 (full 2):
 PSYoungGen      total 211456K, used 17907K [0x00000000d5580000, 0x00000000e5b80000, 0x0000000100000000)
  eden space 193536K, 0% used [0x00000000d5580000,0x00000000d5580000,0x00000000e1280000)
  from space 17920K, 99% used [0x00000000e2700000,0x00000000e387cc48,0x00000000e3880000)
  to   space 20992K, 0% used [0x00000000e1280000,0x00000000e1280000,0x00000000e2700000)
 ParOldGen       total 146944K, used 29818K [0x0000000080000000, 0x0000000088f80000, 0x00000000d5580000)
  object space 146944K, 20% used [0x0000000080000000,0x0000000081d1e840,0x0000000088f80000)
 Metaspace       used 56560K, capacity 59063K, committed 59160K, reserved 1099776K
  class space    used 7761K, capacity 8240K, committed 8240K, reserved 1048576K
}
Event: 9.365 GC heap before
{Heap before GC invocations=13 (full 3):
 PSYoungGen      total 211456K, used 17907K [0x00000000d5580000, 0x00000000e5b80000, 0x0000000100000000)
  eden space 193536K, 0% used [0x00000000d5580000,0x00000000d5580000,0x00000000e1280000)
  from space 17920K, 99% used [0x00000000e2700000,0x00000000e387cc48,0x00000000e3880000)
  to   space 20992K, 0% used [0x00000000e1280000,0x00000000e1280000,0x00000000e2700000)
 ParOldGen       total 146944K, used 29818K [0x0000000080000000, 0x0000000088f80000, 0x00000000d5580000)
  object space 146944K, 20% used [0x0000000080000000,0x0000000081d1e840,0x0000000088f80000)
 Metaspace       used 56560K, capacity 59063K, committed 59160K, reserved 1099776K
  class space    used 7761K, capacity 8240K, committed 8240K, reserved 1048576K
Event: 9.612 GC heap after
Heap after GC invocations=13 (full 3):
 PSYoungGen      total 211456K, used 0K [0x00000000d5580000, 0x00000000e5b80000, 0x0000000100000000)
  eden space 193536K, 0% used [0x00000000d5580000,0x00000000d5580000,0x00000000e1280000)
  from space 17920K, 0% used [0x00000000e2700000,0x00000000e2700000,0x00000000e3880000)
  to   space 20992K, 0% used [0x00000000e1280000,0x00000000e1280000,0x00000000e2700000)
 ParOldGen       total 226304K, used 36375K [0x0000000080000000, 0x000000008dd00000, 0x00000000d5580000)
  object space 226304K, 16% used [0x0000000080000000,0x0000000082385c70,0x000000008dd00000)
 Metaspace       used 56496K, capacity 58853K, committed 59160K, reserved 1099776K
  class space    used 7741K, capacity 8205K, committed 8240K, reserved 1048576K
}
Event: 21.401 GC heap before
{Heap before GC invocations=14 (full 3):
 PSYoungGen      total 211456K, used 193536K [0x00000000d5580000, 0x00000000e5b80000, 0x0000000100000000)
  eden space 193536K, 100% used [0x00000000d5580000,0x00000000e1280000,0x00000000e1280000)
  from space 17920K, 0% used [0x00000000e2700000,0x00000000e2700000,0x00000000e3880000)
  to   space 20992K, 0% used [0x00000000e1280000,0x00000000e1280000,0x00000000e2700000)
 ParOldGen       total 226304K, used 36375K [0x0000000080000000, 0x000000008dd00000, 0x00000000d5580000)
  object space 226304K, 16% used [0x0000000080000000,0x0000000082385c70,0x000000008dd00000)
 Metaspace       used 66958K, capacity 69915K, committed 70168K, reserved 1110016K
  class space    used 9080K, capacity 9665K, committed 9776K, reserved 1048576K
Event: 21.427 GC heap after
Heap after GC invocations=14 (full 3):
 PSYoungGen      total 214528K, used 16341K [0x00000000d5580000, 0x00000000e5d80000, 0x0000000100000000)
  eden space 193536K, 0% used [0x00000000d5580000,0x00000000d5580000,0x00000000e1280000)
  from space 20992K, 77% used [0x00000000e1280000,0x00000000e2275728,0x00000000e2700000)
  to   space 21504K, 0% used [0x00000000e4880000,0x00000000e4880000,0x00000000e5d80000)
 ParOldGen       total 226304K, used 36383K [0x0000000080000000, 0x000000008dd00000, 0x00000000d5580000)
  object space 226304K, 16% used [0x0000000080000000,0x0000000082387c70,0x000000008dd00000)
 Metaspace       used 66958K, capacity 69915K, committed 70168K, reserved 1110016K
  class space    used 9080K, capacity 9665K, committed 9776K, reserved 1048576K
}
Event: 24.067 GC heap before
{Heap before GC invocations=15 (full 3):
 PSYoungGen      total 214528K, used 209877K [0x00000000d5580000, 0x00000000e5d80000, 0x0000000100000000)
  eden space 193536K, 100% used [0x00000000d5580000,0x00000000e1280000,0x00000000e1280000)
  from space 20992K, 77% used [0x00000000e1280000,0x00000000e2275728,0x00000000e2700000)
  to   space 21504K, 0% used [0x00000000e4880000,0x00000000e4880000,0x00000000e5d80000)
 ParOldGen       total 226304K, used 36383K [0x0000000080000000, 0x000000008dd00000, 0x00000000d5580000)
  object space 226304K, 16% used [0x0000000080000000,0x0000000082387c70,0x000000008dd00000)
 Metaspace       used 68850K, capacity 71875K, committed 72088K, reserved 1112064K
  class space    used 9222K, capacity 9825K, committed 9904K, reserved 1048576K
Event: 24.102 GC heap after
Heap after GC invocations=15 (full 3):
 PSYoungGen      total 241664K, used 21481K [0x00000000d5580000, 0x00000000e6b80000, 0x0000000100000000)
  eden space 220160K, 0% used [0x00000000d5580000,0x00000000d5580000,0x00000000e2c80000)
  from space 21504K, 99% used [0x00000000e4880000,0x00000000e5d7a528,0x00000000e5d80000)
  to   space 28672K, 0% used [0x00000000e2c80000,0x00000000e2c80000,0x00000000e4880000)
 ParOldGen       total 226304K, used 47712K [0x0000000080000000, 0x000000008dd00000, 0x00000000d5580000)
  object space 226304K, 21% used [0x0000000080000000,0x0000000082e98010,0x000000008dd00000)
 Metaspace       used 68850K, capacity 71875K, committed 72088K, reserved 1112064K
  class space    used 9222K, capacity 9825K, committed 9904K, reserved 1048576K
}

